# JRE version: Java(TM) SE Runtime Environment (11.0.5+10) (build 11.0.5+10-LTS)
# Java VM: Java HotSpot(TM) 64-Bit Server VM (11.0.5+10-LTS, mixed mode, tiered, compressed oops, parallel gc, windows-amd64)
Heap:
 PSYoungGen      total 23552K, used 4412K [0x00000000eab00000, 0x00000000eca00000, 0x0000000100000000)
  eden space 22528K, 19% used [0x00000000eab00000,0x00000000eaf4f348,0x00000000ec100000)
  from space 1024K, 0% used [0x00000000ec380000,0x00000000ec380000,0x00000000ec480000)
  to   space 2560K, 0% used [0x00000000ec780000,0x00000000ec780000,0x00000000eca00000)
 ParOldGen       total 68608K, used 23987K [0x00000000c0000000, 0x00000000c4300000, 0x00000000eab00000)
  object space 68608K, 34% used [0x00000000c0000000,0x00000000c176cc48,0x00000000c4300000)
 Metaspace       used 34539K, capacity 36184K, committed 36272K, reserved 1081344K
  class space    used 3244K, capacity 3761K, committed 3840K, reserved 1048576K
GC Heap History (10 events):
Event: 3.841 GC heap before
{Heap before GC invocations=9 (full 1):
 PSYoungGen      total 30720K, used 30689K [0x00000000eab00000, 0x00000000ed480000, 0x0000000100000000)
  eden space 24064K, 100% used [0x00000000eab00000,0x00000000ec280000,0x00000000ec280000)
  from space 6656K, 99% used [0x00000000ec380000,0x00000000ec9f84a8,0x00000000eca00000)
  to   space 9216K, 0% used [0x00000000ecb80000,0x00000000ecb80000,0x00000000ed480000)
 ParOldGen       total 68608K, used 10220K [0x00000000c0000000, 0x00000000c4300000, 0x00000000eab00000)
  object space 68608K, 14% used [0x00000000c0000000,0x00000000c09fb0b8,0x00000000c4300000)
 Metaspace       used 28785K, capacity 30257K, committed 30384K, reserved 1077248K
  class space    used 2729K, capacity 3215K, committed 3328K, reserved 1048576K
}
Event: 3.847 GC heap after
{Heap after GC invocations=9 (full 1):
 PSYoungGen      total 30720K, used 6816K [0x00000000eab00000, 0x00000000ed280000, 0x0000000100000000)
  eden space 23552K, 0% used [0x00000000eab00000,0x00000000eab00000,0x00000000ec200000)
  from space 7168K, 95% used [0x00000000ecb80000,0x00000000ed228010,0x00000000ed280000)
  to   space 7680K, 0% used [0x00000000ec380000,0x00000000ec380000,0x00000000ecb00000)
 ParOldGen       total 68608K, used 12296K [0x00000000c0000000, 0x00000000c4300000, 0x00000000eab00000)
  object space 68608K, 17% used [0x00000000c0000000,0x00000000c0c021a0,0x00000000c4300000)
 Metaspace       used 28785K, capacity 30257K, committed 30384K, reserved 1077248K
  class space    used 2729K, capacity 3215K, committed 3328K, reserved 1048576K
}
Event: 3.878 GC heap before
{Heap before GC invocations=10 (full 1):
 PSYoungGen      total 30720K, used 30368K [0x00000000eab00000, 0x00000000ed280000, 0x0000000100000000)
  eden space 23552K, 100% used [0x00000000eab00000,0x00000000ec200000,0x00000000ec200000)
  from space 7168K, 95% used [0x00000000ecb80000,0x00000000ed228010,0x00000000ed280000)
  to   space 7680K, 0% used [0x00000000ec380000,0x00000000ec380000,0x00000000ecb00000)
 ParOldGen       total 68608K, used 12296K [0x00000000c0000000, 0x00000000c4300000, 0x00000000eab00000)
  object space 68608K, 17% used [0x00000000c0000000,0x00000000c0c021a0,0x00000000c4300000)
 Metaspace       used 28785K, capacity 30257K, committed 30384K, reserved 1077248K
  class space    used 2729K, capacity 3215K, committed 3328K, reserved 1048576K
}
Event: 3.886 GC heap after
{Heap after GC invocations=10 (full 1):
 PSYoungGen      total 29184K, used 5728K [0x00000000eab00000, 0x00000000ece80000, 0x0000000100000000)
  eden space 23040K, 0% used [0x00000000eab00000,0x00000000eab00000,0x00000000ec180000)
  from space 6144K, 93% used [0x00000000ec380000,0x00000000ec918010,0x00000000ec980000)
  to   space 5120K, 0% used [0x00000000ec980000,0x00000000ec980000,0x00000000ece80000)
 ParOldGen       total 68608K, used 15284K [0x00000000c0000000, 0x00000000c4300000, 0x00000000eab00000)
  object space 68608K, 22% used [0x00000000c0000000,0x00000000c0eed378,0x00000000c4300000)
 Metaspace       used 28785K, capacity 30257K, committed 30384K, reserved 1077248K
  class space    used 2729K, capacity 3215K, committed 3328K, reserved 1048576K
}
Event: 4.540 GC heap before
{Heap before GC invocations=11 (full 1):
 PSYoungGen      total 29184K, used 28768K [0x00000000eab00000, 0x00000000ece80000, 0x0000000100000000)
  eden space 23040K, 100% used [0x00000000eab00000,0x00000000ec180000,0x00000000ec180000)
  from space 6144K, 93% used [0x00000000ec380000,0x00000000ec918010,0x00000000ec980000)
  to   space 5120K, 0% used [0x00000000ec980000,0x00000000ec980000,0x00000000ece80000)
 ParOldGen       total 68608K, used 15284K [0x00000000c0000000, 0x00000000c4300000, 0x00000000eab00000)
  object space 68608K, 22% used [0x00000000c0000000,0x00000000c0eed378,0x00000000c4300000)
 Metaspace       used 32642K, capacity 34332K, committed 34480K, reserved 1081344K
  class space    used 3076K, capacity 3548K, committed 3584K, reserved 1048576K
}
Event: 4.553 GC heap after
{Heap after GC invocations=11 (full 1):
 PSYoungGen      total 27648K, used 4732K [0x00000000eab00000, 0x00000000ece80000, 0x0000000100000000)
  eden space 22528K, 0% used [0x00000000eab00000,0x00000000eab00000,0x00000000ec100000)
  from space 5120K, 92% used [0x00000000ec980000,0x00000000ece1f2c8,0x00000000ece80000)
  to   space 5632K, 0% used [0x00000000ec380000,0x00000000ec380000,0x00000000ec900000)
 ParOldGen       total 68608K, used 19087K [0x00000000c0000000, 0x00000000c4300000, 0x00000000eab00000)
  object space 68608K, 27% used [0x00000000c0000000,0x00000000c12a3f60,0x00000000c4300000)
 Metaspace       used 32642K, capacity 34332K, committed 34480K, reserved 1081344K
  class space    used 3076K, capacity 3548K, committed 3584K, reserved 1048576K
}
Event: 4.940 GC heap before
{Heap before GC invocations=12 (full 1):
 PSYoungGen      total 27648K, used 9366K [0x00000000eab00000, 0x00000000ece80000, 0x0000000100000000)
  eden space 22528K, 20% used [0x00000000eab00000,0x00000000eaf86628,0x00000000ec100000)
  from space 5120K, 92% used [0x00000000ec980000,0x00000000ece1f2c8,0x00000000ece80000)
  to   space 5632K, 0% used [0x00000000ec380000,0x00000000ec380000,0x00000000ec900000)
 ParOldGen       total 68608K, used 19087K [0x00000000c0000000, 0x00000000c4300000, 0x00000000eab00000)
  object space 68608K, 27% used [0x00000000c0000000,0x00000000c12a3f60,0x00000000c4300000)
 Metaspace       used 33668K, capacity 35329K, committed 35376K, reserved 1081344K
  class space    used 3176K, capacity 3689K, committed 3712K, reserved 1048576K
}
Event: 4.950 GC heap after
{Heap after GC invocations=12 (full 1):
 PSYoungGen      total 23552K, used 738K [0x00000000eab00000, 0x00000000eca00000, 0x0000000100000000)
  eden space 22528K, 0% used [0x00000000eab00000,0x00000000eab00000,0x00000000ec100000)
  from space 1024K, 72% used [0x00000000ec380000,0x00000000ec438b28,0x00000000ec480000)
  to   space 2560K, 0% used [0x00000000ec780000,0x00000000ec780000,0x00000000eca00000)
 ParOldGen       total 68608K, used 23619K [0x00000000c0000000, 0x00000000c4300000, 0x00000000eab00000)
  object space 68608K, 34% used [0x00000000c0000000,0x00000000c1710ea8,0x00000000c4300000)
 Metaspace       used 33668K, capacity 35329K, committed 35376K, reserved 1081344K
  class space    used 3176K, capacity 3689K, committed 3712K, reserved 1048576K
}
Event: 4.950 GC heap before
{Heap before GC invocations=13 (full 2):
 PSYoungGen      total 23552K, used 738K [0x00000000eab00000, 0x00000000eca00000, 0x0000000100000000)
  eden space 22528K, 0% used [0x00000000eab00000,0x00000000eab00000,0x00000000ec100000)
  from space 1024K, 72% used [0x00000000ec380000,0x00000000ec438b28,0x00000000ec480000)
  to   space 2560K, 0% used [0x00000000ec780000,0x00000000ec780000,0x00000000eca00000)
 ParOldGen       total 68608K, used 23619K [0x00000000c0000000, 0x00000000c4300000, 0x00000000eab00000)
  object space 68608K, 34% used [0x00000000c0000000,0x00000000c1710ea8,0x00000000c4300000)
 Metaspace       used 33668K, capacity 35329K, committed 35376K, reserved 1081344K
  class space    used 3176K, capacity 3689K, committed 3712K, reserved 1048576K
}
Event: 5.230 GC heap after
{Heap after GC invocations=13 (full 2):
 PSYoungGen      total 23552K, used 0K [0x00000000eab00000, 0x00000000eca00000, 0x0000000100000000)
  eden space 22528K, 0% used [0x00000000eab00000,0x00000000eab00000,0x00000000ec100000)
  from space 1024K, 0% used [0x00000000ec380000,0x00000000ec380000,0x00000000ec480000)
  to   space 2560K, 0% used [0x00000000ec780000,0x00000000ec780000,0x00000000eca00000)
 ParOldGen       total 68608K, used 23987K [0x00000000c0000000, 0x00000000c4300000, 0x00000000eab00000)
  object space 68608K, 34% used [0x00000000c0000000,0x00000000c176cc48,0x00000000c4300000)
 Metaspace       used 33668K, capacity 35329K, committed 35376K, reserved 1081344K
  class space    used 3176K, capacity 3689K, committed 3712K, reserved 1048576K
}

