# JRE version: Java(TM) SE Runtime Environment (11.0.5+10) (build 11.0.5+10-LTS)
# Java VM: Java HotSpot(TM) 64-Bit Server VM (11.0.5+10-LTS, mixed mode, tiered, compressed oops, parallel gc, windows-amd64)
Heap:
 PSYoungGen      total 25600K, used 8347K [0x00000000eab00000, 0x00000000eca00000, 0x0000000100000000)
  eden space 22016K, 23% used [0x00000000eab00000,0x00000000eb023628,0x00000000ec080000)
  from space 3584K, 86% used [0x00000000ec680000,0x00000000ec983630,0x00000000eca00000)
  to   space 4096K, 0% used [0x00000000ec200000,0x00000000ec200000,0x00000000ec600000)
 ParOldGen       total 68608K, used 23940K [0x00000000c0000000, 0x00000000c4300000, 0x00000000eab00000)
  object space 68608K, 34% used [0x00000000c0000000,0x00000000c1761228,0x00000000c4300000)
 Metaspace       used 36200K, capacity 37828K, committed 37936K, reserved 1083392K
  class space    used 3340K, capacity 3860K, committed 3968K, reserved 1048576K
GC Heap History (10 events):
Event: 3.893 GC heap before
{Heap before GC invocations=10 (full 1):
 PSYoungGen      total 30720K, used 30514K [0x00000000eab00000, 0x00000000ed280000, 0x0000000100000000)
  eden space 23552K, 100% used [0x00000000eab00000,0x00000000ec200000,0x00000000ec200000)
  from space 7168K, 97% used [0x00000000ecb80000,0x00000000ed24cb38,0x00000000ed280000)
  to   space 7680K, 0% used [0x00000000ec380000,0x00000000ec380000,0x00000000ecb00000)
 ParOldGen       total 68608K, used 12150K [0x00000000c0000000, 0x00000000c4300000, 0x00000000eab00000)
  object space 68608K, 17% used [0x00000000c0000000,0x00000000c0bdda10,0x00000000c4300000)
 Metaspace       used 28765K, capacity 30257K, committed 30384K, reserved 1077248K
  class space    used 2729K, capacity 3215K, committed 3328K, reserved 1048576K
}
Event: 3.898 GC heap after
{Heap after GC invocations=10 (full 1):
 PSYoungGen      total 29696K, used 6304K [0x00000000eab00000, 0x00000000ece80000, 0x0000000100000000)
  eden space 23040K, 0% used [0x00000000eab00000,0x00000000eab00000,0x00000000ec180000)
  from space 6656K, 94% used [0x00000000ec380000,0x00000000ec9a8020,0x00000000eca00000)
  to   space 4608K, 0% used [0x00000000eca00000,0x00000000eca00000,0x00000000ece80000)
 ParOldGen       total 68608K, used 14701K [0x00000000c0000000, 0x00000000c4300000, 0x00000000eab00000)
  object space 68608K, 21% used [0x00000000c0000000,0x00000000c0e5b700,0x00000000c4300000)
 Metaspace       used 28765K, capacity 30257K, committed 30384K, reserved 1077248K
  class space    used 2729K, capacity 3215K, committed 3328K, reserved 1048576K
}
Event: 4.400 GC heap before
{Heap before GC invocations=11 (full 1):
 PSYoungGen      total 29696K, used 29344K [0x00000000eab00000, 0x00000000ece80000, 0x0000000100000000)
  eden space 23040K, 100% used [0x00000000eab00000,0x00000000ec180000,0x00000000ec180000)
  from space 6656K, 94% used [0x00000000ec380000,0x00000000ec9a8020,0x00000000eca00000)
  to   space 4608K, 0% used [0x00000000eca00000,0x00000000eca00000,0x00000000ece80000)
 ParOldGen       total 68608K, used 14701K [0x00000000c0000000, 0x00000000c4300000, 0x00000000eab00000)
  object space 68608K, 21% used [0x00000000c0000000,0x00000000c0e5b700,0x00000000c4300000)
 Metaspace       used 32662K, capacity 34334K, committed 34480K, reserved 1081344K
  class space    used 3069K, capacity 3549K, committed 3584K, reserved 1048576K
}
Event: 4.408 GC heap after
{Heap after GC invocations=11 (full 1):
 PSYoungGen      total 26624K, used 4604K [0x00000000eab00000, 0x00000000ed400000, 0x0000000100000000)
  eden space 22016K, 0% used [0x00000000eab00000,0x00000000eab00000,0x00000000ec080000)
  from space 4608K, 99% used [0x00000000eca00000,0x00000000ece7f2c8,0x00000000ece80000)
  to   space 9728K, 0% used [0x00000000ec080000,0x00000000ec080000,0x00000000eca00000)
 ParOldGen       total 68608K, used 19285K [0x00000000c0000000, 0x00000000c4300000, 0x00000000eab00000)
  object space 68608K, 28% used [0x00000000c0000000,0x00000000c12d5650,0x00000000c4300000)
 Metaspace       used 32662K, capacity 34334K, committed 34480K, reserved 1081344K
  class space    used 3069K, capacity 3549K, committed 3584K, reserved 1048576K
}
Event: 4.500 GC heap before
{Heap before GC invocations=12 (full 1):
 PSYoungGen      total 26624K, used 7582K [0x00000000eab00000, 0x00000000ed400000, 0x0000000100000000)
  eden space 22016K, 13% used [0x00000000eab00000,0x00000000eade88c0,0x00000000ec080000)
  from space 4608K, 99% used [0x00000000eca00000,0x00000000ece7f2c8,0x00000000ece80000)
  to   space 9728K, 0% used [0x00000000ec080000,0x00000000ec080000,0x00000000eca00000)
 ParOldGen       total 68608K, used 19285K [0x00000000c0000000, 0x00000000c4300000, 0x00000000eab00000)
  object space 68608K, 28% used [0x00000000c0000000,0x00000000c12d5650,0x00000000c4300000)
 Metaspace       used 33629K, capacity 35321K, committed 35376K, reserved 1081344K
  class space    used 3157K, capacity 3666K, committed 3712K, reserved 1048576K
}
Event: 4.518 GC heap after
{Heap after GC invocations=12 (full 1):
 PSYoungGen      total 22528K, used 512K [0x00000000eab00000, 0x00000000eca80000, 0x0000000100000000)
  eden space 22016K, 0% used [0x00000000eab00000,0x00000000eab00000,0x00000000ec080000)
  from space 512K, 100% used [0x00000000ec080000,0x00000000ec100000,0x00000000ec100000)
  to   space 4096K, 0% used [0x00000000ec680000,0x00000000ec680000,0x00000000eca80000)
 ParOldGen       total 68608K, used 23789K [0x00000000c0000000, 0x00000000c4300000, 0x00000000eab00000)
  object space 68608K, 34% used [0x00000000c0000000,0x00000000c173b5e0,0x00000000c4300000)
 Metaspace       used 33629K, capacity 35321K, committed 35376K, reserved 1081344K
  class space    used 3157K, capacity 3666K, committed 3712K, reserved 1048576K
}
Event: 4.518 GC heap before
{Heap before GC invocations=13 (full 2):
 PSYoungGen      total 22528K, used 512K [0x00000000eab00000, 0x00000000eca80000, 0x0000000100000000)
  eden space 22016K, 0% used [0x00000000eab00000,0x00000000eab00000,0x00000000ec080000)
  from space 512K, 100% used [0x00000000ec080000,0x00000000ec100000,0x00000000ec100000)
  to   space 4096K, 0% used [0x00000000ec680000,0x00000000ec680000,0x00000000eca80000)
 ParOldGen       total 68608K, used 23789K [0x00000000c0000000, 0x00000000c4300000, 0x00000000eab00000)
  object space 68608K, 34% used [0x00000000c0000000,0x00000000c173b5e0,0x00000000c4300000)
 Metaspace       used 33629K, capacity 35321K, committed 35376K, reserved 1081344K
  class space    used 3157K, capacity 3666K, committed 3712K, reserved 1048576K
}
Event: 4.655 GC heap after
{Heap after GC invocations=13 (full 2):
 PSYoungGen      total 22528K, used 0K [0x00000000eab00000, 0x00000000eca80000, 0x0000000100000000)
  eden space 22016K, 0% used [0x00000000eab00000,0x00000000eab00000,0x00000000ec080000)
  from space 512K, 0% used [0x00000000ec080000,0x00000000ec080000,0x00000000ec100000)
  to   space 4096K, 0% used [0x00000000ec680000,0x00000000ec680000,0x00000000eca80000)
 ParOldGen       total 68608K, used 23932K [0x00000000c0000000, 0x00000000c4300000, 0x00000000eab00000)
  object space 68608K, 34% used [0x00000000c0000000,0x00000000c175f228,0x00000000c4300000)
 Metaspace       used 33629K, capacity 35321K, committed 35376K, reserved 1081344K
  class space    used 3157K, capacity 3666K, committed 3712K, reserved 1048576K
}
Event: 4.990 GC heap before
{Heap before GC invocations=14 (full 2):
 PSYoungGen      total 22528K, used 22016K [0x00000000eab00000, 0x00000000eca80000, 0x0000000100000000)
  eden space 22016K, 100% used [0x00000000eab00000,0x00000000ec080000,0x00000000ec080000)
  from space 512K, 0% used [0x00000000ec080000,0x00000000ec080000,0x00000000ec100000)
  to   space 4096K, 0% used [0x00000000ec680000,0x00000000ec680000,0x00000000eca80000)
 ParOldGen       total 68608K, used 23932K [0x00000000c0000000, 0x00000000c4300000, 0x00000000eab00000)
  object space 68608K, 34% used [0x00000000c0000000,0x00000000c175f228,0x00000000c4300000)
 Metaspace       used 35652K, capacity 37343K, committed 37552K, reserved 1083392K
  class space    used 3308K, capacity 3827K, committed 3840K, reserved 1048576K
}
Event: 4.995 GC heap after
{Heap after GC invocations=14 (full 2):
 PSYoungGen      total 25600K, used 3085K [0x00000000eab00000, 0x00000000eca00000, 0x0000000100000000)
  eden space 22016K, 0% used [0x00000000eab00000,0x00000000eab00000,0x00000000ec080000)
  from space 3584K, 86% used [0x00000000ec680000,0x00000000ec983630,0x00000000eca00000)
  to   space 4096K, 0% used [0x00000000ec200000,0x00000000ec200000,0x00000000ec600000)
 ParOldGen       total 68608K, used 23940K [0x00000000c0000000, 0x00000000c4300000, 0x00000000eab00000)
  object space 68608K, 34% used [0x00000000c0000000,0x00000000c1761228,0x00000000c4300000)
 Metaspace       used 35652K, capacity 37343K, committed 37552K, reserved 1083392K
  class space    used 3308K, capacity 3827K, committed 3840K, reserved 1048576K
}

